<?xml version="1.0" encoding="UTF-8"?>
<!-- Generated by org.testng.reporters.JUnitXMLReporter -->
<testsuite hostname="LAPTOP-M4N4JHAP" ignored="0" name="HomePage" tests="11" failures="0" timestamp="2021-04-04T20:21:48 IST" time="82.245" errors="0">
  <testcase name="baselogin" time="15.543" classname="Acacemy.Homepage"/>
  <testcase name="dashBoard554" time="10.306" classname="Acacemy.Homepage"/>
  <testcase name="disabledCreateWidgetTB" time="5.091" classname="Acacemy.Homepage"/>
  <testcase name="disabledDeleteTB" time="4.9" classname="Acacemy.Homepage"/>
  <testcase name="disabledReOrderWidgetTB" time="4.605" classname="Acacemy.Homepage"/>
  <testcase name="disabledShareTB" time="7.076" classname="Acacemy.Homepage"/>
  <testcase name="duplicateDashBoard" time="2.718" classname="Acacemy.Homepage"/>
  <testcase name="homePageDashBoard" time="3.595" classname="Acacemy.Homepage"/>
  <testcase name="linkCreateWidget" time="6.567" classname="Acacemy.Homepage"/>
  <testcase name="linkDashboard" time="6.131" classname="Acacemy.Homepage"/>
  <testcase name="linkuseDashBoard" time="4.265" classname="Acacemy.Homepage"/>
</testsuite> <!-- HomePage -->
