<?xml version="1.0" encoding="UTF-8"?>
<!-- Generated by org.testng.reporters.JUnitXMLReporter -->
<testsuite hostname="LAPTOP-M4N4JHAP" ignored="0" name="Title" tests="1" failures="1" timestamp="2020-11-08T19:21:06 GMT" time="15.265" errors="0">
  <testcase name="basePageNavigation" time="1.534" classname="Acacemy.ValidateTitle">
    <failure type="java.lang.AssertionError" message="expected [FEATUjbkjbRED COURSES] but found [FEATURED COURSES]">
      <![CDATA[java.lang.AssertionError: expected [FEATUjbkjbRED COURSES] but found [FEATURED COURSES]
at Acacemy.ValidateTitle.basePageNavigation(ValidateTitle.java:41)
at java.util.ArrayList.forEach(ArrayList.java:1257)
at java.util.concurrent.FutureTask.run(FutureTask.java:266)
at java.util.concurrent.ThreadPoolExecutor.runWorker(ThreadPoolExecutor.java:1149)
at java.util.concurrent.ThreadPoolExecutor$Worker.run(ThreadPoolExecutor.java:624)
at java.lang.Thread.run(Thread.java:748)
... Removed 24 stack frames]]>
    </failure>
  </testcase> <!-- basePageNavigation -->
</testsuite> <!-- Title -->
