<?xml version="1.0" encoding="UTF-8"?>
<!-- Generated by org.testng.reporters.JUnitXMLReporter -->
<testsuite hostname="LAPTOP-M4N4JHAP" ignored="0" name="Test" tests="3" failures="0" timestamp="2020-11-08T18:25:34 GMT" time="36.662" errors="0">
  <testcase name="basePageNavigation" time="0.218" classname="Acacemy.ValidatenavigationBar"/>
  <testcase name="basePageNavigation" time="11.075" classname="Acacemy.Homepage"/>
  <testcase name="basePageNavigation" time="0.062" classname="Acacemy.ValidateTitle"/>
</testsuite> <!-- Test -->
