<?xml version="1.0" encoding="UTF-8"?>
<testsuite xmlns:xsi="http://www.w3.org/2001/XMLSchema-instance" xsi:noNamespaceSchemaLocation="https://maven.apache.org/surefire/maven-surefire-plugin/xsd/surefire-test-report-3.0.xsd" version="3.0" name="TestSuite" time="42.062" tests="9" errors="0" skipped="0" failures="2">
  <properties>
[...]
</properties>
  <testcase name="baselogin[menna+automation@intellisense.io, MAQA1$test](1)" classname="Acacemy.Homepage" time="4.218">
    <system-err><![CDATA[SLF4J: Failed to load class "org.slf4j.impl.StaticLoggerBinder".
SLF4J: Defaulting to no-operation (NOP) logger implementation
SLF4J: See http://www.slf4j.org/codes.html#StaticLoggerBinder for further details.
Starting ChromeDriver 89.0.4389.23 (61b08ee2c50024bab004e48d2b1b083cdbdac579-refs/branch-heads/4389@{#294}) on port 43696
Only local connections are allowed.
Please see https://chromedriver.chromium.org/security-considerations for suggestions on keeping ChromeDriver safe.
ChromeDriver was started successfully.
Apr 02, 2021 2:07:22 PM org.openqa.selenium.remote.ProtocolHandshake createSession
INFO: Detected dialect: W3C
]]></system-err>
  </testcase>
  <testcase name="dashBoard554" classname="Acacemy.Homepage" time="1.713">
    <system-out><![CDATA[Test dashboard
]]></system-out>
  </testcase>
  <testcase name="duplicateDashBoard" classname="Acacemy.Homepage" time="1.577"/>
  <testcase name="homePageDashBoard" classname="Acacemy.Homepage" time="2.345"/>
  <testcase name="linkCreateWidget" classname="Acacemy.Homepage" time="4.935"/>
  <testcase name="linkDashboard" classname="Acacemy.Homepage" time="5.36"/>
  <testcase name="linkuseDashBoard" classname="Acacemy.Homepage" time="5.085"/>
  <testcase name="urlHomePage" classname="Acacemy.Homepage" time="3.673">
    <failure message="element click intercepted: Element &lt;a class=&quot;product-tour&quot; ng-href=&quot;?product_tour_id=34973#!/id/dashboards/665&quot; href=&quot;?product_tour_id=34973#!/id/dashboards/665&quot;&gt;...&lt;/a&gt; is not clickable at point (195, 198). Other element would receive the click: &lt;li ng-click=&quot;log(subitem.link)&quot; data-ng-if=&quot;subitem.shouldRender(authentication.user);&quot; ui-route=&quot;/id/dashboards/460&quot; ng-class=&quot;{active: $uiRoute, hasPlus: hasIcon(subitem)}&quot; data-ng-bind=&quot;subitem.title | i18n&quot;&gt;...&lt;/li&gt;&#10;  (Session info: chrome=89.0.4389.114)&#10;Build info: version: &apos;3.141.59&apos;, revision: &apos;e82be7d358&apos;, time: &apos;2018-11-14T08:17:03&apos;&#10;System info: host: &apos;LAPTOP-M4N4JHAP&apos;, ip: &apos;192.168.1.11&apos;, os.name: &apos;Windows 10&apos;, os.arch: &apos;amd64&apos;, os.version: &apos;10.0&apos;, java.version: &apos;1.8.0_251&apos;&#10;Driver info: org.openqa.selenium.chrome.ChromeDriver&#10;Capabilities {acceptInsecureCerts: false, browserName: chrome, browserVersion: 89.0.4389.114, chrome: {chromedriverVersion: 89.0.4389.23 (61b08ee2c5002..., userDataDir: C:\Users\navee\AppData\Loca...}, goog:chromeOptions: {debuggerAddress: localhost:65190}, javascriptEnabled: true, networkConnectionEnabled: false, pageLoadStrategy: normal, platform: WINDOWS, platformName: WINDOWS, proxy: Proxy(), setWindowRect: true, strictFileInteractability: false, timeouts: {implicit: 0, pageLoad: 300000, script: 30000}, unhandledPromptBehavior: dismiss and notify, webauthn:extension:largeBlob: true, webauthn:virtualAuthenticators: true}&#10;Session ID: 4962499ed15ed3ad335af045da29135f" type="org.openqa.selenium.ElementClickInterceptedException"><![CDATA[org.openqa.selenium.ElementClickInterceptedException: 
element click intercepted: Element <a class="product-tour" ng-href="?product_tour_id=34973#!/id/dashboards/665" href="?product_tour_id=34973#!/id/dashboards/665">...</a> is not clickable at point (195, 198). Other element would receive the click: <li ng-click="log(subitem.link)" data-ng-if="subitem.shouldRender(authentication.user);" ui-route="/id/dashboards/460" ng-class="{active: $uiRoute, hasPlus: hasIcon(subitem)}" data-ng-bind="subitem.title | i18n">...</li>
  (Session info: chrome=89.0.4389.114)
Build info: version: '3.141.59', revision: 'e82be7d358', time: '2018-11-14T08:17:03'
System info: host: 'LAPTOP-M4N4JHAP', ip: '192.168.1.11', os.name: 'Windows 10', os.arch: 'amd64', os.version: '10.0', java.version: '1.8.0_251'
Driver info: org.openqa.selenium.chrome.ChromeDriver
Capabilities {acceptInsecureCerts: false, browserName: chrome, browserVersion: 89.0.4389.114, chrome: {chromedriverVersion: 89.0.4389.23 (61b08ee2c5002..., userDataDir: C:\Users\navee\AppData\Loca...}, goog:chromeOptions: {debuggerAddress: localhost:65190}, javascriptEnabled: true, networkConnectionEnabled: false, pageLoadStrategy: normal, platform: WINDOWS, platformName: WINDOWS, proxy: Proxy(), setWindowRect: true, strictFileInteractability: false, timeouts: {implicit: 0, pageLoad: 300000, script: 30000}, unhandledPromptBehavior: dismiss and notify, webauthn:extension:largeBlob: true, webauthn:virtualAuthenticators: true}
Session ID: 4962499ed15ed3ad335af045da29135f
	at Acacemy.Homepage.urlHomePage(Homepage.java:73)
]]></failure>
    <system-out><![CDATA[NB
]]></system-out>
  </testcase>
  <testcase name="urlhomePageIntellisense" classname="Acacemy.Homepage" time="1.234">
    <failure message="element click intercepted: Element &lt;li class=&quot;btn btn-primary&quot; title=&quot;Set as Homepage&quot; ng-click=&quot;dashboardExists() &amp;amp;&amp;amp; setHomepage()&quot; ng-class=&quot;isActive(dashboardExists) &quot; style=&quot;&quot;&gt;...&lt;/li&gt; is not clickable at point (1264, 162). Other element would receive the click: &lt;li ng-click=&quot;log(subitem.link)&quot; data-ng-if=&quot;subitem.shouldRender(authentication.user);&quot; ui-route=&quot;/id/dashboards/634&quot; ng-class=&quot;{active: $uiRoute, hasPlus: hasIcon(subitem)}&quot; data-ng-bind=&quot;subitem.title | i18n&quot;&gt;...&lt;/li&gt;&#10;  (Session info: chrome=89.0.4389.114)&#10;Build info: version: &apos;3.141.59&apos;, revision: &apos;e82be7d358&apos;, time: &apos;2018-11-14T08:17:03&apos;&#10;System info: host: &apos;LAPTOP-M4N4JHAP&apos;, ip: &apos;192.168.1.11&apos;, os.name: &apos;Windows 10&apos;, os.arch: &apos;amd64&apos;, os.version: &apos;10.0&apos;, java.version: &apos;1.8.0_251&apos;&#10;Driver info: org.openqa.selenium.chrome.ChromeDriver&#10;Capabilities {acceptInsecureCerts: false, browserName: chrome, browserVersion: 89.0.4389.114, chrome: {chromedriverVersion: 89.0.4389.23 (61b08ee2c5002..., userDataDir: C:\Users\navee\AppData\Loca...}, goog:chromeOptions: {debuggerAddress: localhost:65190}, javascriptEnabled: true, networkConnectionEnabled: false, pageLoadStrategy: normal, platform: WINDOWS, platformName: WINDOWS, proxy: Proxy(), setWindowRect: true, strictFileInteractability: false, timeouts: {implicit: 0, pageLoad: 300000, script: 30000}, unhandledPromptBehavior: dismiss and notify, webauthn:extension:largeBlob: true, webauthn:virtualAuthenticators: true}&#10;Session ID: 4962499ed15ed3ad335af045da29135f" type="org.openqa.selenium.ElementClickInterceptedException"><![CDATA[org.openqa.selenium.ElementClickInterceptedException: 
element click intercepted: Element <li class="btn btn-primary" title="Set as Homepage" ng-click="dashboardExists() &amp;&amp; setHomepage()" ng-class="isActive(dashboardExists) " style="">...</li> is not clickable at point (1264, 162). Other element would receive the click: <li ng-click="log(subitem.link)" data-ng-if="subitem.shouldRender(authentication.user);" ui-route="/id/dashboards/634" ng-class="{active: $uiRoute, hasPlus: hasIcon(subitem)}" data-ng-bind="subitem.title | i18n">...</li>
  (Session info: chrome=89.0.4389.114)
Build info: version: '3.141.59', revision: 'e82be7d358', time: '2018-11-14T08:17:03'
System info: host: 'LAPTOP-M4N4JHAP', ip: '192.168.1.11', os.name: 'Windows 10', os.arch: 'amd64', os.version: '10.0', java.version: '1.8.0_251'
Driver info: org.openqa.selenium.chrome.ChromeDriver
Capabilities {acceptInsecureCerts: false, browserName: chrome, browserVersion: 89.0.4389.114, chrome: {chromedriverVersion: 89.0.4389.23 (61b08ee2c5002..., userDataDir: C:\Users\navee\AppData\Loca...}, goog:chromeOptions: {debuggerAddress: localhost:65190}, javascriptEnabled: true, networkConnectionEnabled: false, pageLoadStrategy: normal, platform: WINDOWS, platformName: WINDOWS, proxy: Proxy(), setWindowRect: true, strictFileInteractability: false, timeouts: {implicit: 0, pageLoad: 300000, script: 30000}, unhandledPromptBehavior: dismiss and notify, webauthn:extension:largeBlob: true, webauthn:virtualAuthenticators: true}
Session ID: 4962499ed15ed3ad335af045da29135f
	at Acacemy.Homepage.urlhomePageIntellisense(Homepage.java:52)
]]></failure>
  </testcase>
</testsuite>