<?xml version="1.0" encoding="UTF-8"?>
<testng-results skipped="0" failed="0" ignored="0" total="1" passed="1">
  <reporter-output>
  </reporter-output>
  <suite name="Default suite" duration-ms="15334" started-at="2021-08-18T14:45:36 IST" finished-at="2021-08-18T14:45:52 IST">
    <groups>
    </groups>
    <test name="Default test" duration-ms="15334" started-at="2021-08-18T14:45:36 IST" finished-at="2021-08-18T14:45:52 IST">
      <class name="Acacemy.HappyTests">
        <test-method status="PASS" signature="initialization()[pri:0, instance:Acacemy.HappyTests@2ea227af]" name="initialization" is-config="true" duration-ms="2172" started-at="2021-08-18T14:45:36 IST" finished-at="2021-08-18T14:45:38 IST">
          <reporter-output>
          </reporter-output>
        </test-method> <!-- initialization -->
        <test-method status="PASS" signature="homePageDashBoard()[pri:0, instance:Acacemy.HappyTests@2ea227af]" name="homePageDashBoard" duration-ms="12145" started-at="2021-08-18T14:45:38 IST" finished-at="2021-08-18T14:45:51 IST">
          <reporter-output>
          </reporter-output>
        </test-method> <!-- homePageDashBoard -->
        <test-method status="PASS" signature="Teardown()[pri:0, instance:Acacemy.HappyTests@2ea227af]" name="Teardown" is-config="true" duration-ms="838" started-at="2021-08-18T14:45:51 IST" finished-at="2021-08-18T14:45:52 IST">
          <reporter-output>
          </reporter-output>
        </test-method> <!-- Teardown -->
      </class> <!-- Acacemy.HappyTests -->
    </test> <!-- Default test -->
  </suite> <!-- Default suite -->
</testng-results>
